info t=2016-09-03T07:36:38.157Z Cinnamon.AppSystem.get_default() started in 605 ms
info t=2016-09-03T07:36:38.167Z loading default theme
info t=2016-09-03T07:36:38.583Z PlacesManager: Updating devices
info t=2016-09-03T07:36:38.848Z loaded at Sat Sep 03 2016 16:36:38 GMT+0900 (JST)
info t=2016-09-03T07:36:40.626Z Loaded applet menu@cinnamon.org in 1774 ms
info t=2016-09-03T07:36:40.652Z Role locked: panellauncher
info t=2016-09-03T07:36:40.652Z Loaded applet panel-launchers@cinnamon.org in 24 ms
info t=2016-09-03T07:36:40.687Z Loaded applet window-list@cinnamon.org in 32 ms
info t=2016-09-03T07:36:40.709Z Role locked: notifications
info t=2016-09-03T07:36:40.732Z Loaded applet notifications@cinnamon.org in 44 ms
info t=2016-09-03T07:36:40.807Z Loaded applet user@cinnamon.org in 71 ms
info t=2016-09-03T07:36:40.872Z Loaded applet keyboard@cinnamon.org in 63 ms
info t=2016-09-03T07:36:40.927Z Loaded applet bluetooth@cinnamon.org in 54 ms
info t=2016-09-03T07:36:41.392Z Loaded applet network@cinnamon.org in 463 ms
info t=2016-09-03T07:36:41.446Z Loaded applet sound@cinnamon.org in 53 ms
info t=2016-09-03T07:36:41.473Z Loaded applet power@cinnamon.org in 25 ms
info t=2016-09-03T07:36:41.488Z Loaded applet systray@cinnamon.org in 14 ms
info t=2016-09-03T07:36:41.525Z Loaded applet calendar@cinnamon.org in 36 ms
info t=2016-09-03T07:36:41.539Z Loaded applet windows-quick-list@cinnamon.org in 12 ms
info t=2016-09-03T07:36:41.539Z AppletManager.init() started in 2690 ms
info t=2016-09-03T07:36:41.542Z Cinnamon took 4078 ms to start
info t=2016-09-03T07:36:41.847Z Adding indicator: Fcitx
info t=2016-09-03T07:36:41.854Z Adding indicator: Kupfer
info t=2016-09-03T07:36:41.919Z Hiding indicator (role already handled): nm-applet
info t=2016-09-03T07:36:42.066Z Adding indicator: 
warning t=2016-09-03T07:36:42.074Z Invalid menu: Gio.IOErrorEnum: GDBus.Error:org.freedesktop.DBus.Error.UnknownObject: No such object path '/MenuBar'
info t=2016-09-03T07:36:55.003Z Adding systray: mintupdate.py (20x20px)
info t=2016-09-03T07:36:56.505Z Resized mintupdate.py with normalized size (22x22px)
info t=2016-09-03T08:07:30.607Z PlacesManager: Updating devices
info t=2016-09-03T08:08:37.037Z Hiding indicator (role already handled): vlc
info t=2016-09-03T08:33:58.835Z Hiding indicator (role already handled): vlc
info t=2016-09-03T09:30:08.909Z Hiding indicator (role already handled): vlc
info t=2016-09-03T09:30:18.096Z PlacesManager: Updating devices
info t=2016-09-03T12:36:24.893Z Hiding indicator (role already handled): vlc
info t=2016-09-03T14:16:19.739Z Hiding indicator (role already handled): vlc
