[   707.816] 
X.Org X Server 1.18.1
Release Date: 2016-02-08
[   707.817] X Protocol Version 11, Revision 0
[   707.817] Build Operating System: Linux 4.2.5-1-ARCH x86_64 
[   707.817] Current Operating System: Linux Arch 4.4.5-1-ARCH #1 SMP PREEMPT Thu Mar 10 07:38:19 CET 2016 x86_64
[   707.817] Kernel command line: BOOT_IMAGE=/vmlinuz-linux root=UUID=d461f1af-1cb2-48df-bcaf-f3d5dadc2782 rw quiet
[   707.817] Build Date: 11 February 2016  09:57:03AM
[   707.817]  
[   707.817] Current version of pixman: 0.34.0
[   707.817] 	Before reporting problems, check http://wiki.x.org
	to make sure that you have the latest version.
[   707.817] Markers: (--) probed, (**) from config file, (==) default setting,
	(++) from command line, (!!) notice, (II) informational,
	(WW) warning, (EE) error, (NI) not implemented, (??) unknown.
[   707.817] (==) Log file: "/home/nikke/.local/share/xorg/Xorg.0.log", Time: Tue Mar 15 21:50:20 2016
[   707.817] (==) Using system config directory "/usr/share/X11/xorg.conf.d"
[   707.818] (==) No Layout section.  Using the first Screen section.
[   707.818] (==) No screen section available. Using defaults.
[   707.818] (**) |-->Screen "Default Screen Section" (0)
[   707.818] (**) |   |-->Monitor "<default monitor>"
[   707.818] (==) No monitor specified for screen "Default Screen Section".
	Using a default monitor configuration.
[   707.818] (==) Automatically adding devices
[   707.818] (==) Automatically enabling devices
[   707.818] (==) Automatically adding GPU devices
[   707.818] (==) Max clients allowed: 256, resource mask: 0x1fffff
[   707.818] (WW) `fonts.dir' not found (or not valid) in "/usr/share/fonts/100dpi/".
[   707.818] 	Entry deleted from font path.
[   707.818] 	(Run 'mkfontdir' on "/usr/share/fonts/100dpi/").
[   707.818] (WW) `fonts.dir' not found (or not valid) in "/usr/share/fonts/75dpi/".
[   707.818] 	Entry deleted from font path.
[   707.818] 	(Run 'mkfontdir' on "/usr/share/fonts/75dpi/").
[   707.818] (==) FontPath set to:
	/usr/share/fonts/misc/,
	/usr/share/fonts/TTF/,
	/usr/share/fonts/OTF/,
	/usr/share/fonts/Type1/
[   707.818] (==) ModulePath set to "/usr/lib/xorg/modules"
[   707.818] (II) The server relies on udev to provide the list of input devices.
	If no devices become available, reconfigure udev or disable AutoAddDevices.
[   707.818] (II) Loader magic: 0x81ad60
[   707.818] (II) Module ABI versions:
[   707.818] 	X.Org ANSI C Emulation: 0.4
[   707.818] 	X.Org Video Driver: 20.0
[   707.818] 	X.Org XInput driver : 22.1
[   707.818] 	X.Org Server Extension : 9.0
[   707.819] (++) using VT number 1

[   707.819] (--) controlling tty is VT number 1, auto-enabling KeepTty
[   707.821] (II) systemd-logind: took control of session /org/freedesktop/login1/session/c3
[   707.822] (II) xfree86: Adding drm device (/dev/dri/card0)
[   707.823] (II) systemd-logind: got fd for /dev/dri/card0 226:0 fd 8 paused 0
[   707.824] (--) PCI:*(0:0:2:0) 8086:0166:1179:0004 rev 9, Mem @ 0xe0000000/4194304, 0xd0000000/268435456, I/O @ 0x00002000/64
[   707.824] (WW) Open ACPI failed (/var/run/acpid.socket) (No such file or directory)
[   707.824] (II) LoadModule: "glx"
[   707.825] (II) Loading /usr/lib/xorg/modules/extensions/libglx.so
[   707.826] (II) Module glx: vendor="X.Org Foundation"
[   707.826] 	compiled for 1.18.1, module version = 1.0.0
[   707.826] 	ABI class: X.Org Server Extension, version 9.0
[   707.826] (==) AIGLX enabled
[   707.826] (==) Matched intel as autoconfigured driver 0
[   707.826] (==) Matched intel as autoconfigured driver 1
[   707.826] (==) Matched modesetting as autoconfigured driver 2
[   707.826] (==) Matched fbdev as autoconfigured driver 3
[   707.826] (==) Matched vesa as autoconfigured driver 4
[   707.826] (==) Assigned the driver to the xf86ConfigLayout
[   707.826] (II) LoadModule: "intel"
[   707.826] (II) Loading /usr/lib/xorg/modules/drivers/intel_drv.so
[   707.827] (II) Module intel: vendor="X.Org Foundation"
[   707.827] 	compiled for 1.18.1, module version = 2.99.917
[   707.827] 	Module class: X.Org Video Driver
[   707.827] 	ABI class: X.Org Video Driver, version 20.0
[   707.827] (II) LoadModule: "modesetting"
[   707.827] (II) Loading /usr/lib/xorg/modules/drivers/modesetting_drv.so
[   707.827] (II) Module modesetting: vendor="X.Org Foundation"
[   707.827] 	compiled for 1.18.1, module version = 1.18.1
[   707.827] 	Module class: X.Org Video Driver
[   707.827] 	ABI class: X.Org Video Driver, version 20.0
[   707.827] (II) LoadModule: "fbdev"
[   707.827] (WW) Warning, couldn't open module fbdev
[   707.827] (II) UnloadModule: "fbdev"
[   707.827] (II) Unloading fbdev
[   707.827] (EE) Failed to load module "fbdev" (module does not exist, 0)
[   707.827] (II) LoadModule: "vesa"
[   707.827] (WW) Warning, couldn't open module vesa
[   707.827] (II) UnloadModule: "vesa"
[   707.827] (II) Unloading vesa
[   707.827] (EE) Failed to load module "vesa" (module does not exist, 0)
[   707.827] (II) intel: Driver for Intel(R) Integrated Graphics Chipsets:
	i810, i810-dc100, i810e, i815, i830M, 845G, 854, 852GM/855GM, 865G,
	915G, E7221 (i915), 915GM, 945G, 945GM, 945GME, Pineview GM,
	Pineview G, 965G, G35, 965Q, 946GZ, 965GM, 965GME/GLE, G33, Q35, Q33,
	GM45, 4 Series, G45/G43, Q45/Q43, G41, B43
[   707.828] (II) intel: Driver for Intel(R) HD Graphics: 2000-6000
[   707.828] (II) intel: Driver for Intel(R) Iris(TM) Graphics: 5100, 6100
[   707.828] (II) intel: Driver for Intel(R) Iris(TM) Pro Graphics: 5200, 6200, P6300
[   707.828] (II) modesetting: Driver for Modesetting Kernel Drivers: kms
[   707.828] xf86EnableIOPorts: failed to set IOPL for I/O (Operation not permitted)
[   707.828] (II) intel(0): Using Kernel Mode Setting driver: i915, version 1.6.0 20151010
[   707.828] (II) intel(0): SNA compiled from 2.99.917-560-gd167280
[   707.828] (WW) Falling back to old probe method for modesetting
[   707.828] (WW) VGA arbiter: cannot open kernel arbiter, no multi-card support
[   707.828] (--) intel(0): Integrated Graphics Chipset: Intel(R) HD Graphics 4000
[   707.828] (--) intel(0): CPU: x86-64, sse2, sse3, ssse3, sse4.1, sse4.2, avx; using a maximum of 2 threads
[   707.828] (II) intel(0): Creating default Display subsection in Screen section
	"Default Screen Section" for depth/fbbpp 24/32
[   707.828] (==) intel(0): Depth 24, (--) framebuffer bpp 32
[   707.828] (==) intel(0): RGB weight 888
[   707.828] (==) intel(0): Default visual is TrueColor
[   707.829] (II) intel(0): Output LVDS1 has no monitor section
[   707.840] (--) intel(0): Found backlight control interface intel_backlight (type 'raw') for output LVDS1
[   707.840] (II) intel(0): Enabled output LVDS1
[   707.840] (II) intel(0): Output VGA1 has no monitor section
[   707.840] (II) intel(0): Enabled output VGA1
[   707.840] (II) intel(0): Output HDMI1 has no monitor section
[   707.840] (II) intel(0): Enabled output HDMI1
[   707.840] (II) intel(0): Output DP1 has no monitor section
[   707.840] (II) intel(0): Enabled output DP1
[   707.840] (--) intel(0): Using a maximum size of 256x256 for hardware cursors
[   707.840] (II) intel(0): Output VIRTUAL1 has no monitor section
[   707.840] (II) intel(0): Enabled output VIRTUAL1
[   707.840] (--) intel(0): Output LVDS1 using initial mode 1366x768 on pipe 0
[   707.840] (==) intel(0): TearFree disabled
[   707.840] (==) intel(0): DPI set to (96, 96)
[   707.840] (II) Loading sub module "dri2"
[   707.840] (II) LoadModule: "dri2"
[   707.840] (II) Module "dri2" already built-in
[   707.840] (II) Loading sub module "present"
[   707.840] (II) LoadModule: "present"
[   707.840] (II) Module "present" already built-in
[   707.840] (II) UnloadModule: "modesetting"
[   707.840] (II) Unloading modesetting
[   707.840] (==) Depth 24 pixmap format is 32 bpp
[   707.841] (II) intel(0): SNA initialized with Ivybridge (gen7, gt2) backend
[   707.841] (==) intel(0): Backing store enabled
[   707.841] (==) intel(0): Silken mouse enabled
[   707.841] (II) intel(0): HW Cursor enabled
[   707.841] (II) intel(0): RandR 1.2 enabled, ignore the following RandR disabled message.
[   707.841] (==) intel(0): DPMS enabled
[   707.841] (==) intel(0): Display hotplug detection enabled
[   707.841] (II) intel(0): [DRI2] Setup complete
[   707.841] (II) intel(0): [DRI2]   DRI driver: i965
[   707.841] (II) intel(0): [DRI2]   VDPAU driver: va_gl
[   707.841] (II) intel(0): direct rendering: DRI2 enabled
[   707.841] (II) intel(0): hardware support for Present enabled
[   707.841] (--) RandR disabled
[   707.858] (II) AIGLX: enabled GLX_MESA_copy_sub_buffer
[   707.859] (II) AIGLX: enabled GLX_ARB_create_context
[   707.859] (II) AIGLX: enabled GLX_ARB_create_context_profile
[   707.859] (II) AIGLX: enabled GLX_EXT_create_context_es{,2}_profile
[   707.859] (II) AIGLX: enabled GLX_INTEL_swap_event
[   707.859] (II) AIGLX: enabled GLX_SGI_swap_control and GLX_MESA_swap_control
[   707.859] (II) AIGLX: enabled GLX_EXT_framebuffer_sRGB
[   707.859] (II) AIGLX: enabled GLX_ARB_fbconfig_float
[   707.859] (II) AIGLX: GLX_EXT_texture_from_pixmap backed by buffer objects
[   707.859] (II) AIGLX: enabled GLX_ARB_create_context_robustness
[   707.859] (II) AIGLX: Loaded and initialized i965
[   707.859] (II) GLX: Initialized DRI2 GL provider for screen 0
[   707.861] (II) intel(0): switch to mode 1366x768@60.0 on LVDS1 using pipe 0, position (0, 0), rotation normal, reflection none
[   707.861] (II) intel(0): Setting screen physical size to 361 x 203
[   707.911] (II) config/udev: Adding input device Power Button (/dev/input/event3)
[   707.911] (**) Power Button: Applying InputClass "evdev keyboard catchall"
[   707.911] (II) LoadModule: "evdev"
[   707.911] (II) Loading /usr/lib/xorg/modules/input/evdev_drv.so
[   707.912] (II) Module evdev: vendor="X.Org Foundation"
[   707.912] 	compiled for 1.18.0, module version = 2.10.1
[   707.912] 	Module class: X.Org XInput Driver
[   707.912] 	ABI class: X.Org XInput driver, version 22.1
[   707.913] (II) systemd-logind: got fd for /dev/input/event3 13:67 fd 12 paused 0
[   707.913] (II) Using input driver 'evdev' for 'Power Button'
[   707.913] (**) Power Button: always reports core events
[   707.913] (**) evdev: Power Button: Device: "/dev/input/event3"
[   707.913] (--) evdev: Power Button: Vendor 0 Product 0x1
[   707.913] (--) evdev: Power Button: Found keys
[   707.913] (II) evdev: Power Button: Configuring as keyboard
[   707.913] (**) Option "config_info" "udev:/sys/devices/LNXSYSTM:00/LNXPWRBN:00/input/input4/event3"
[   707.913] (II) XINPUT: Adding extended input device "Power Button" (type: KEYBOARD, id 6)
[   707.913] (**) Option "xkb_rules" "evdev"
[   707.914] (II) config/udev: Adding input device Video Bus (/dev/input/event10)
[   707.914] (**) Video Bus: Applying InputClass "evdev keyboard catchall"
[   707.914] (II) systemd-logind: got fd for /dev/input/event10 13:74 fd 13 paused 0
[   707.914] (II) Using input driver 'evdev' for 'Video Bus'
[   707.914] (**) Video Bus: always reports core events
[   707.914] (**) evdev: Video Bus: Device: "/dev/input/event10"
[   707.914] (--) evdev: Video Bus: Vendor 0 Product 0x6
[   707.915] (--) evdev: Video Bus: Found keys
[   707.915] (II) evdev: Video Bus: Configuring as keyboard
[   707.915] (**) Option "config_info" "udev:/sys/devices/LNXSYSTM:00/LNXSYBUS:00/PNP0A08:00/LNXVIDEO:01/input/input12/event10"
[   707.915] (II) XINPUT: Adding extended input device "Video Bus" (type: KEYBOARD, id 7)
[   707.915] (**) Option "xkb_rules" "evdev"
[   707.915] (II) config/udev: Adding input device Power Button (/dev/input/event1)
[   707.915] (**) Power Button: Applying InputClass "evdev keyboard catchall"
[   707.916] (II) systemd-logind: got fd for /dev/input/event1 13:65 fd 14 paused 0
[   707.916] (II) Using input driver 'evdev' for 'Power Button'
[   707.916] (**) Power Button: always reports core events
[   707.916] (**) evdev: Power Button: Device: "/dev/input/event1"
[   707.916] (--) evdev: Power Button: Vendor 0 Product 0x1
[   707.916] (--) evdev: Power Button: Found keys
[   707.916] (II) evdev: Power Button: Configuring as keyboard
[   707.916] (**) Option "config_info" "udev:/sys/devices/LNXSYSTM:00/LNXSYBUS:00/PNP0C0C:00/input/input2/event1"
[   707.916] (II) XINPUT: Adding extended input device "Power Button" (type: KEYBOARD, id 8)
[   707.916] (**) Option "xkb_rules" "evdev"
[   707.917] (II) config/udev: Adding input device Lid Switch (/dev/input/event2)
[   707.917] (II) No input driver specified, ignoring this device.
[   707.917] (II) This device may have been added with another device file.
[   707.918] (II) config/udev: Adding input device TOSHIBA Web Camera - HD (/dev/input/event11)
[   707.918] (**) TOSHIBA Web Camera - HD: Applying InputClass "evdev keyboard catchall"
[   707.918] (II) systemd-logind: got fd for /dev/input/event11 13:75 fd 15 paused 0
[   707.918] (II) Using input driver 'evdev' for 'TOSHIBA Web Camera - HD'
[   707.919] (**) TOSHIBA Web Camera - HD: always reports core events
[   707.919] (**) evdev: TOSHIBA Web Camera - HD: Device: "/dev/input/event11"
[   707.919] (--) evdev: TOSHIBA Web Camera - HD: Vendor 0x4f2 Product 0xb369
[   707.919] (--) evdev: TOSHIBA Web Camera - HD: Found keys
[   707.919] (II) evdev: TOSHIBA Web Camera - HD: Configuring as keyboard
[   707.919] (**) Option "config_info" "udev:/sys/devices/pci0000:00/0000:00:1a.0/usb1/1-1/1-1.3/1-1.3:1.0/input/input13/event11"
[   707.919] (II) XINPUT: Adding extended input device "TOSHIBA Web Camera - HD" (type: KEYBOARD, id 9)
[   707.919] (**) Option "xkb_rules" "evdev"
[   707.919] (II) config/udev: Adding input device HDA Intel PCH Headphone (/dev/input/event8)
[   707.919] (II) No input driver specified, ignoring this device.
[   707.919] (II) This device may have been added with another device file.
[   707.920] (II) config/udev: Adding input device HDA Intel PCH HDMI/DP,pcm=3 (/dev/input/event9)
[   707.920] (II) No input driver specified, ignoring this device.
[   707.920] (II) This device may have been added with another device file.
[   707.920] (II) config/udev: Adding input device HDA Digital PCBeep (/dev/input/event6)
[   707.920] (II) No input driver specified, ignoring this device.
[   707.920] (II) This device may have been added with another device file.
[   707.920] (II) config/udev: Adding input device HDA Intel PCH Mic (/dev/input/event7)
[   707.921] (II) No input driver specified, ignoring this device.
[   707.921] (II) This device may have been added with another device file.
[   707.921] (II) config/udev: Adding input device AT Translated Set 2 keyboard (/dev/input/event0)
[   707.921] (**) AT Translated Set 2 keyboard: Applying InputClass "evdev keyboard catchall"
[   707.922] (II) systemd-logind: got fd for /dev/input/event0 13:64 fd 16 paused 0
[   707.922] (II) Using input driver 'evdev' for 'AT Translated Set 2 keyboard'
[   707.922] (**) AT Translated Set 2 keyboard: always reports core events
[   707.922] (**) evdev: AT Translated Set 2 keyboard: Device: "/dev/input/event0"
[   707.922] (--) evdev: AT Translated Set 2 keyboard: Vendor 0x1 Product 0x1
[   707.922] (--) evdev: AT Translated Set 2 keyboard: Found keys
[   707.922] (II) evdev: AT Translated Set 2 keyboard: Configuring as keyboard
[   707.922] (**) Option "config_info" "udev:/sys/devices/platform/i8042/serio0/input/input0/event0"
[   707.922] (II) XINPUT: Adding extended input device "AT Translated Set 2 keyboard" (type: KEYBOARD, id 10)
[   707.922] (**) Option "xkb_rules" "evdev"
[   707.923] (II) config/udev: Adding input device SynPS/2 Synaptics TouchPad (/dev/input/event12)
[   707.923] (**) SynPS/2 Synaptics TouchPad: Applying InputClass "evdev touchpad catchall"
[   707.923] (**) SynPS/2 Synaptics TouchPad: Applying InputClass "evdev touchscreen catchall"
[   707.923] (**) SynPS/2 Synaptics TouchPad: Applying InputClass "touchpad catchall"
[   707.923] (**) SynPS/2 Synaptics TouchPad: Applying InputClass "Default clickpad buttons"
[   707.923] (II) LoadModule: "synaptics"
[   707.923] (II) Loading /usr/lib/xorg/modules/input/synaptics_drv.so
[   707.923] (II) Module synaptics: vendor="X.Org Foundation"
[   707.923] 	compiled for 1.18.0, module version = 1.8.3
[   707.923] 	Module class: X.Org XInput Driver
[   707.923] 	ABI class: X.Org XInput driver, version 22.1
[   707.924] (II) systemd-logind: got fd for /dev/input/event12 13:76 fd 17 paused 0
[   707.924] (II) Using input driver 'synaptics' for 'SynPS/2 Synaptics TouchPad'
[   707.924] (**) SynPS/2 Synaptics TouchPad: always reports core events
[   707.924] (**) Option "Device" "/dev/input/event12"
[   707.960] (II) synaptics: SynPS/2 Synaptics TouchPad: ignoring touch events for semi-multitouch device
[   707.960] (--) synaptics: SynPS/2 Synaptics TouchPad: x-axis range 1142 - 5792 (res 59)
[   707.960] (--) synaptics: SynPS/2 Synaptics TouchPad: y-axis range 924 - 4930 (res 88)
[   707.960] (--) synaptics: SynPS/2 Synaptics TouchPad: pressure range 0 - 255
[   707.960] (--) synaptics: SynPS/2 Synaptics TouchPad: finger width range 0 - 15
[   707.960] (--) synaptics: SynPS/2 Synaptics TouchPad: buttons: left right double triple
[   707.960] (--) synaptics: SynPS/2 Synaptics TouchPad: Vendor 0x2 Product 0x7
[   707.960] (**) Option "TapButton1" "1"
[   707.960] (**) Option "TapButton2" "2"
[   707.960] (**) Option "TapButton3" "3"
[   707.960] (--) synaptics: SynPS/2 Synaptics TouchPad: touchpad found
[   707.960] (**) SynPS/2 Synaptics TouchPad: always reports core events
[   707.960] (**) Option "config_info" "udev:/sys/devices/platform/i8042/serio1/input/input6/event12"
[   707.960] (II) XINPUT: Adding extended input device "SynPS/2 Synaptics TouchPad" (type: TOUCHPAD, id 11)
[   707.960] (**) synaptics: SynPS/2 Synaptics TouchPad: (accel) MinSpeed is now constant deceleration 2.5
[   707.960] (**) synaptics: SynPS/2 Synaptics TouchPad: (accel) MaxSpeed is now 1.75
[   707.960] (**) synaptics: SynPS/2 Synaptics TouchPad: (accel) AccelFactor is now 0.033
[   707.960] (**) SynPS/2 Synaptics TouchPad: (accel) keeping acceleration scheme 1
[   707.960] (**) SynPS/2 Synaptics TouchPad: (accel) acceleration profile 1
[   707.960] (**) SynPS/2 Synaptics TouchPad: (accel) acceleration factor: 2.000
[   707.960] (**) SynPS/2 Synaptics TouchPad: (accel) acceleration threshold: 4
[   707.960] (--) synaptics: SynPS/2 Synaptics TouchPad: touchpad found
[   707.961] (II) config/udev: Adding input device SynPS/2 Synaptics TouchPad (/dev/input/mouse0)
[   707.961] (**) SynPS/2 Synaptics TouchPad: Ignoring device from InputClass "touchpad ignore duplicates"
[   707.961] (II) config/udev: Adding input device PC Speaker (/dev/input/event4)
[   707.961] (II) No input driver specified, ignoring this device.
[   707.961] (II) This device may have been added with another device file.
[   707.962] (II) config/udev: Adding input device Toshiba input device (/dev/input/event5)
[   707.962] (**) Toshiba input device: Applying InputClass "evdev keyboard catchall"
[   707.963] (II) systemd-logind: got fd for /dev/input/event5 13:69 fd 18 paused 0
[   707.963] (II) Using input driver 'evdev' for 'Toshiba input device'
[   707.963] (**) Toshiba input device: always reports core events
[   707.963] (**) evdev: Toshiba input device: Device: "/dev/input/event5"
[   707.963] (--) evdev: Toshiba input device: Vendor 0 Product 0
[   707.963] (--) evdev: Toshiba input device: Found keys
[   707.963] (II) evdev: Toshiba input device: Configuring as keyboard
[   707.963] (**) Option "config_info" "udev:/sys/devices/virtual/input/input7/event5"
[   707.963] (II) XINPUT: Adding extended input device "Toshiba input device" (type: KEYBOARD, id 12)
[   707.963] (**) Option "xkb_rules" "evdev"
[  1126.072] (II) evdev: Toshiba input device: Close
[  1126.072] (II) UnloadModule: "evdev"
[  1126.072] (II) systemd-logind: releasing fd for 13:69
[  1126.102] (EE) systemd-logind: failed to release device: Connection was disconnected before a reply was received
[  1126.102] (II) UnloadModule: "synaptics"
[  1126.102] (II) systemd-logind: releasing fd for 13:76
[  1126.103] (EE) systemd-logind: failed to release device: Connection is closed
[  1126.103] (II) evdev: AT Translated Set 2 keyboard: Close
[  1126.103] (II) UnloadModule: "evdev"
[  1126.103] (II) systemd-logind: releasing fd for 13:64
[  1126.103] (EE) systemd-logind: failed to release device: Connection is closed
[  1126.103] (II) evdev: TOSHIBA Web Camera - HD: Close
[  1126.103] (II) UnloadModule: "evdev"
[  1126.103] (II) systemd-logind: releasing fd for 13:75
[  1126.103] (EE) systemd-logind: failed to release device: Connection is closed
[  1126.103] (II) evdev: Power Button: Close
[  1126.103] (II) UnloadModule: "evdev"
[  1126.103] (II) systemd-logind: releasing fd for 13:65
[  1126.103] (EE) systemd-logind: failed to release device: Connection is closed
[  1126.103] (II) evdev: Video Bus: Close
[  1126.103] (II) UnloadModule: "evdev"
[  1126.103] (II) systemd-logind: releasing fd for 13:74
[  1126.103] (EE) systemd-logind: failed to release device: Connection is closed
[  1126.103] (II) evdev: Power Button: Close
[  1126.103] (II) UnloadModule: "evdev"
[  1126.103] (II) systemd-logind: releasing fd for 13:67
[  1126.103] (EE) systemd-logind: failed to release device: Connection is closed
[  1126.163] (WW) xf86CloseConsole: KDSETMODE failed: Input/output error
[  1126.163] (WW) xf86CloseConsole: VT_GETMODE failed: Input/output error
[  1126.163] (WW) xf86CloseConsole: VT_ACTIVATE failed: Input/output error
[  1126.163] (EE) systemd-logind: ReleaseControl failed: Connection is closed
[  1126.163] (II) Server terminated successfully (0). Closing log file.
