2016-05-24 12:02:59,801 - DEBUG - Loading configuration...
2016-05-24 12:02:59,801 - WARNING - bookmarks file could not be found. Using default...
2016-05-24 12:02:59,802 - INFO - Copying default bookmarks file to user directory
2016-05-24 12:02:59,802 - WARNING - Configuration file not found. Copying default configuration file to user directory
2016-05-24 12:02:59,803 - INFO - Starting Radio Tray...
2016-05-24 12:02:59,803 - INFO - Loading bookmarks file: /home/nikke/.local/share/radiotray/bookmarks.xml
2016-05-24 12:02:59,806 - DEBUG - Bookmarks file loaded with success
2016-05-24 12:02:59,807 - DEBUG - PLS playlist decoder
2016-05-24 12:02:59,808 - DEBUG - M3U playlist decoder
2016-05-24 12:02:59,808 - DEBUG - ASX-familiy playlist decoder
2016-05-24 12:02:59,808 - DEBUG - XSPF playlist decoder
2016-05-24 12:02:59,808 - DEBUG - Initializing ASF playlist decoder
2016-05-24 12:02:59,808 - DEBUG - RAM playlist decoder
2016-05-24 12:02:59,809 - INFO - Using url timeout = 100
2016-05-24 12:02:59,825 - DEBUG - App Indicator selected
2016-05-24 12:02:59,849 - INFO - finding plugins in user plugin path
2016-05-24 12:02:59,849 - INFO - finding plugins in system plugin path
2016-05-24 12:02:59,849 - DEBUG - /usr/share/radiotray/plugins/gnomemediakeys.plugin
2016-05-24 12:02:59,850 - DEBUG - /usr/share/radiotray/plugins/matemediakeys.plugin
2016-05-24 12:02:59,851 - DEBUG - /usr/share/radiotray/plugins/sleeptimer.plugin
2016-05-24 12:02:59,852 - DEBUG - /usr/share/radiotray/plugins/helloworld.plugin
2016-05-24 12:02:59,852 - DEBUG - /usr/share/radiotray/plugins/history.plugin
2016-05-24 12:02:59,853 - DEBUG - /usr/share/radiotray/plugins/notification.plugin
2016-05-24 12:03:09,792 - DEBUG - Request to play
2016-05-24 12:03:09,793 - DEBUG - connecting
2016-05-24 12:03:09,794 - INFO - Requesting stream... http://smoothjazz.com/streams/smoothjazz_128.pls
2016-05-24 12:03:10,548 - DEBUG - Metadata obtained...
2016-05-24 12:03:10,548 - INFO - Content-Type: application/pls+xml
2016-05-24 12:03:10,548 - INFO - Checking decoder
2016-05-24 12:03:10,548 - INFO - Stream is readable by PLS Playlist Decoder
2016-05-24 12:03:10,548 - INFO - Downloading playlist...
2016-05-24 12:03:11,064 - INFO - Playlist downloaded
2016-05-24 12:03:11,065 - INFO - Decoding playlist...
2016-05-24 12:03:11,065 - DEBUG - ['http://sj128.hnux.com', 'http://stream-05.shoutcast.com:8002 sid=8', 'http://stream-94.shoutcast.com sid=1']
2016-05-24 12:03:11,066 - INFO - Play "http://sj128.hnux.com"
2016-05-24 12:03:11,066 - INFO - Requesting stream... http://sj128.hnux.com
2016-05-24 12:03:12,003 - DEBUG - Metadata obtained...
2016-05-24 12:03:12,004 - INFO - Couldn't read content-type. Maybe direct stream...
2016-05-24 12:03:12,004 - INFO - Error: 'content-type'
2016-05-24 12:03:12,019 - WARNING - Could not find setting with the name "last_station".
2016-05-24 12:03:12,019 - DEBUG - Received MESSAGE_STATE_CHANGED (<enum GST_STATE_NULL of type GstState> -> <enum GST_STATE_READY of type GstState>)
2016-05-24 12:03:12,020 - DEBUG - Received MESSAGE_STATE_CHANGED (<enum GST_STATE_NULL of type GstState> -> <enum GST_STATE_READY of type GstState>)
2016-05-24 12:03:12,021 - DEBUG - Received MESSAGE_STATE_CHANGED (<enum GST_STATE_NULL of type GstState> -> <enum GST_STATE_READY of type GstState>)
2016-05-24 12:03:12,022 - DEBUG - Received MESSAGE_STATE_CHANGED (<enum GST_STATE_NULL of type GstState> -> <enum GST_STATE_READY of type GstState>)
2016-05-24 12:03:12,022 - DEBUG - Received MESSAGE_STATE_CHANGED (<enum GST_STATE_READY of type GstState> -> <enum GST_STATE_PAUSED of type GstState>)
2016-05-24 12:03:12,022 - DEBUG - Received MESSAGE_STATE_CHANGED (<enum GST_STATE_NULL of type GstState> -> <enum GST_STATE_READY of type GstState>)
2016-05-24 12:03:12,022 - DEBUG - Received MESSAGE_STATE_CHANGED (<enum GST_STATE_READY of type GstState> -> <enum GST_STATE_PAUSED of type GstState>)
2016-05-24 12:03:12,022 - DEBUG - Received MESSAGE_STATE_CHANGED (<enum GST_STATE_NULL of type GstState> -> <enum GST_STATE_READY of type GstState>)
2016-05-24 12:03:12,022 - DEBUG - Received MESSAGE_STATE_CHANGED (<enum GST_STATE_READY of type GstState> -> <enum GST_STATE_PAUSED of type GstState>)
2016-05-24 12:03:12,023 - DEBUG - Received MESSAGE_STATE_CHANGED (<enum GST_STATE_READY of type GstState> -> <enum GST_STATE_PAUSED of type GstState>)
2016-05-24 12:03:12,589 - DEBUG - Received MESSAGE_STATE_CHANGED (<enum GST_STATE_NULL of type GstState> -> <enum GST_STATE_READY of type GstState>)
2016-05-24 12:03:12,589 - DEBUG - Received MESSAGE_STATE_CHANGED (<enum GST_STATE_NULL of type GstState> -> <enum GST_STATE_READY of type GstState>)
2016-05-24 12:03:12,590 - DEBUG - Received MESSAGE_STATE_CHANGED (<enum GST_STATE_PAUSED of type GstState> -> <enum GST_STATE_PAUSED of type GstState>)
2016-05-24 12:03:12,596 - DEBUG - Received MESSAGE_STATE_CHANGED (<enum GST_STATE_NULL of type GstState> -> <enum GST_STATE_READY of type GstState>)
2016-05-24 12:03:12,596 - DEBUG - Received MESSAGE_STATE_CHANGED (<enum GST_STATE_READY of type GstState> -> <enum GST_STATE_PAUSED of type GstState>)
2016-05-24 12:03:12,596 - DEBUG - Received MESSAGE_STATE_CHANGED (<enum GST_STATE_READY of type GstState> -> <enum GST_STATE_PAUSED of type GstState>)
2016-05-24 12:03:12,597 - DEBUG - Received MESSAGE_STATE_CHANGED (<enum GST_STATE_NULL of type GstState> -> <enum GST_STATE_READY of type GstState>)
2016-05-24 12:03:12,597 - DEBUG - Received MESSAGE_STATE_CHANGED (<enum GST_STATE_READY of type GstState> -> <enum GST_STATE_PAUSED of type GstState>)
2016-05-24 12:03:12,597 - DEBUG - Received MESSAGE_STATE_CHANGED (<enum GST_STATE_PAUSED of type GstState> -> <enum GST_STATE_PLAYING of type GstState>)
2016-05-24 12:03:12,597 - DEBUG - playing
2016-05-24 12:03:12,656 - DEBUG - Buffering 0
2016-05-24 12:03:12,656 - DEBUG - Received MESSAGE_STATE_CHANGED (<enum GST_STATE_NULL of type GstState> -> <enum GST_STATE_READY of type GstState>)
2016-05-24 12:03:12,657 - DEBUG - Received MESSAGE_STATE_CHANGED (<enum GST_STATE_READY of type GstState> -> <enum GST_STATE_PAUSED of type GstState>)
2016-05-24 12:03:12,658 - DEBUG - Received MESSAGE_STATE_CHANGED (<enum GST_STATE_NULL of type GstState> -> <enum GST_STATE_READY of type GstState>)
2016-05-24 12:03:12,658 - DEBUG - Received MESSAGE_STATE_CHANGED (<enum GST_STATE_READY of type GstState> -> <enum GST_STATE_PAUSED of type GstState>)
2016-05-24 12:03:12,659 - DEBUG - Received MESSAGE_STATE_CHANGED (<enum GST_STATE_NULL of type GstState> -> <enum GST_STATE_READY of type GstState>)
2016-05-24 12:03:12,659 - DEBUG - Received MESSAGE_STATE_CHANGED (<enum GST_STATE_READY of type GstState> -> <enum GST_STATE_PAUSED of type GstState>)
2016-05-24 12:03:12,659 - DEBUG - Received MESSAGE_STATE_CHANGED (<enum GST_STATE_NULL of type GstState> -> <enum GST_STATE_READY of type GstState>)
2016-05-24 12:03:12,659 - DEBUG - Received MESSAGE_STATE_CHANGED (<enum GST_STATE_READY of type GstState> -> <enum GST_STATE_PAUSED of type GstState>)
2016-05-24 12:03:12,660 - DEBUG - Received MESSAGE_STATE_CHANGED (<enum GST_STATE_READY of type GstState> -> <enum GST_STATE_PAUSED of type GstState>)
2016-05-24 12:03:12,661 - DEBUG - Received MESSAGE_STATE_CHANGED (<enum GST_STATE_PAUSED of type GstState> -> <enum GST_STATE_PAUSED of type GstState>)
2016-05-24 12:03:12,687 - DEBUG - Received MESSAGE_STATE_CHANGED (<enum GST_STATE_NULL of type GstState> -> <enum GST_STATE_READY of type GstState>)
2016-05-24 12:03:12,688 - DEBUG - Received MESSAGE_STATE_CHANGED (<enum GST_STATE_NULL of type GstState> -> <enum GST_STATE_READY of type GstState>)
2016-05-24 12:03:12,688 - DEBUG - Received MESSAGE_STATE_CHANGED (<enum GST_STATE_NULL of type GstState> -> <enum GST_STATE_READY of type GstState>)
2016-05-24 12:03:12,688 - DEBUG - Received MESSAGE_STATE_CHANGED (<enum GST_STATE_NULL of type GstState> -> <enum GST_STATE_READY of type GstState>)
2016-05-24 12:03:12,689 - DEBUG - Received MESSAGE_STATE_CHANGED (<enum GST_STATE_NULL of type GstState> -> <enum GST_STATE_READY of type GstState>)
2016-05-24 12:03:12,689 - DEBUG - Received MESSAGE_STATE_CHANGED (<enum GST_STATE_NULL of type GstState> -> <enum GST_STATE_READY of type GstState>)
2016-05-24 12:03:12,689 - DEBUG - Received MESSAGE_STATE_CHANGED (<enum GST_STATE_READY of type GstState> -> <enum GST_STATE_PAUSED of type GstState>)
2016-05-24 12:03:12,690 - DEBUG - Received MESSAGE_STATE_CHANGED (<enum GST_STATE_READY of type GstState> -> <enum GST_STATE_PAUSED of type GstState>)
2016-05-24 12:03:12,690 - DEBUG - Received MESSAGE_STATE_CHANGED (<enum GST_STATE_READY of type GstState> -> <enum GST_STATE_PAUSED of type GstState>)
2016-05-24 12:03:12,690 - DEBUG - Received MESSAGE_STATE_CHANGED (<enum GST_STATE_READY of type GstState> -> <enum GST_STATE_PAUSED of type GstState>)
2016-05-24 12:03:12,690 - DEBUG - Received MESSAGE_STATE_CHANGED (<enum GST_STATE_READY of type GstState> -> <enum GST_STATE_PAUSED of type GstState>)
2016-05-24 12:03:12,722 - DEBUG - Received MESSAGE_STATE_CHANGED (<enum GST_STATE_READY of type GstState> -> <enum GST_STATE_PAUSED of type GstState>)
2016-05-24 12:03:12,723 - DEBUG - Received MESSAGE_STATE_CHANGED (<enum GST_STATE_READY of type GstState> -> <enum GST_STATE_PAUSED of type GstState>)
2016-05-24 12:03:12,723 - DEBUG - Received MESSAGE_STATE_CHANGED (<enum GST_STATE_READY of type GstState> -> <enum GST_STATE_PAUSED of type GstState>)
2016-05-24 12:03:12,723 - DEBUG - Received MESSAGE_STATE_CHANGED (<enum GST_STATE_READY of type GstState> -> <enum GST_STATE_PAUSED of type GstState>)
2016-05-24 12:03:12,724 - DEBUG - Received MESSAGE_STATE_CHANGED (<enum GST_STATE_READY of type GstState> -> <enum GST_STATE_PAUSED of type GstState>)
2016-05-24 12:03:12,792 - DEBUG - {'station': 'Smooth Jazz', 'homepage': u'http://www.smoothjazz.com', 'title': u'Greg Adams - Hush Hush - East Bay Soul'}
2016-05-24 12:03:12,869 - DEBUG - Buffering 3
2016-05-24 12:03:12,870 - DEBUG - Buffering 0
2016-05-24 12:03:12,870 - DEBUG - Buffering 1
2016-05-24 12:03:12,871 - DEBUG - Buffering 0
2016-05-24 12:03:12,871 - DEBUG - Buffering 1
2016-05-24 12:03:12,871 - DEBUG - Buffering 0
2016-05-24 12:03:12,909 - DEBUG - Buffering 1
2016-05-24 12:03:12,910 - DEBUG - Buffering 0
2016-05-24 12:03:12,915 - DEBUG - Buffering 1
2016-05-24 12:03:12,916 - DEBUG - Buffering 0
2016-05-24 12:03:12,918 - DEBUG - Buffering 2
2016-05-24 12:03:12,922 - DEBUG - Buffering 3
2016-05-24 12:03:12,931 - DEBUG - Buffering 4
2016-05-24 12:03:13,073 - DEBUG - Buffering 6
2016-05-24 12:03:13,075 - DEBUG - Buffering 7
2016-05-24 12:03:13,078 - DEBUG - Buffering 8
2016-05-24 12:03:13,081 - DEBUG - Buffering 9
2016-05-24 12:03:13,084 - DEBUG - Buffering 11
2016-05-24 12:03:13,087 - DEBUG - Buffering 12
2016-05-24 12:03:13,251 - DEBUG - Buffering 13
2016-05-24 12:03:13,254 - DEBUG - Buffering 17
2016-05-24 12:03:13,267 - DEBUG - Buffering 18
2016-05-24 12:03:13,392 - DEBUG - Buffering 19
2016-05-24 12:03:13,394 - DEBUG - Buffering 20
2016-05-24 12:03:13,397 - DEBUG - Buffering 21
2016-05-24 12:03:13,400 - DEBUG - Buffering 22
2016-05-24 12:03:13,403 - DEBUG - Buffering 23
2016-05-24 12:03:13,406 - DEBUG - Buffering 24
2016-05-24 12:03:13,551 - DEBUG - Buffering 29
2016-05-24 12:03:13,555 - DEBUG - Buffering 30
2016-05-24 12:03:13,558 - DEBUG - Buffering 32
2016-05-24 12:03:13,560 - DEBUG - Buffering 33
2016-05-24 12:03:13,563 - DEBUG - Buffering 34
2016-05-24 12:03:13,568 - DEBUG - Buffering 36
2016-05-24 12:03:13,721 - DEBUG - Buffering 37
2016-05-24 12:03:13,727 - DEBUG - Buffering 41
2016-05-24 12:03:13,730 - DEBUG - Buffering 42
2016-05-24 12:03:13,739 - DEBUG - Buffering 43
2016-05-24 12:03:13,872 - DEBUG - Buffering 44
2016-05-24 12:03:13,876 - DEBUG - Buffering 45
2016-05-24 12:03:13,879 - DEBUG - Buffering 48
2016-05-24 12:03:13,882 - DEBUG - Buffering 49
2016-05-24 12:03:13,888 - DEBUG - Buffering 50
2016-05-24 12:03:14,031 - DEBUG - Buffering 53
2016-05-24 12:03:14,034 - DEBUG - Buffering 54
2016-05-24 12:03:14,037 - DEBUG - Buffering 56
2016-05-24 12:03:14,040 - DEBUG - Buffering 57
2016-05-24 12:03:14,043 - DEBUG - Buffering 58
2016-05-24 12:03:14,046 - DEBUG - Buffering 59
2016-05-24 12:03:14,125 - DEBUG - Buffering 60
2016-05-24 12:03:14,191 - DEBUG - Buffering 61
2016-05-24 12:03:14,195 - DEBUG - Buffering 62
2016-05-24 12:03:14,198 - DEBUG - Buffering 65
2016-05-24 12:03:14,203 - DEBUG - Buffering 66
2016-05-24 12:03:14,206 - DEBUG - Buffering 67
2016-05-24 12:03:14,353 - DEBUG - Buffering 69
2016-05-24 12:03:14,359 - DEBUG - Buffering 70
2016-05-24 12:03:14,362 - DEBUG - Buffering 74
2016-05-24 12:03:14,365 - DEBUG - Buffering 75
2016-05-24 12:03:14,399 - DEBUG - Buffering 76
2016-05-24 12:03:14,512 - DEBUG - Buffering 77
2016-05-24 12:03:14,517 - DEBUG - Buffering 78
2016-05-24 12:03:14,519 - DEBUG - Buffering 81
2016-05-24 12:03:14,523 - DEBUG - Buffering 82
2016-05-24 12:03:14,527 - DEBUG - Buffering 83
2016-05-24 12:03:14,671 - DEBUG - Buffering 85
2016-05-24 12:03:14,679 - DEBUG - Buffering 86
2016-05-24 12:03:14,682 - DEBUG - Buffering 89
2016-05-24 12:03:14,685 - DEBUG - Buffering 90
2016-05-24 12:03:14,688 - DEBUG - Buffering 91
2016-05-24 12:03:14,702 - DEBUG - Buffering 92
2016-05-24 12:03:14,839 - DEBUG - Buffering 93
2016-05-24 12:03:14,843 - DEBUG - Buffering 95
2016-05-24 12:03:14,848 - DEBUG - Buffering 98
2016-05-24 12:03:14,852 - DEBUG - Received MESSAGE_STATE_CHANGED (<enum GST_STATE_PAUSED of type GstState> -> <enum GST_STATE_PLAYING of type GstState>)
2016-05-24 12:03:14,852 - DEBUG - playing
2016-05-24 12:03:14,853 - DEBUG - Received MESSAGE_STATE_CHANGED (<enum GST_STATE_PAUSED of type GstState> -> <enum GST_STATE_PLAYING of type GstState>)
2016-05-24 12:03:14,853 - DEBUG - playing
2016-05-24 12:03:14,854 - DEBUG - Received MESSAGE_STATE_CHANGED (<enum GST_STATE_PAUSED of type GstState> -> <enum GST_STATE_PLAYING of type GstState>)
2016-05-24 12:03:14,854 - DEBUG - playing
2016-05-24 12:03:14,855 - DEBUG - Received MESSAGE_STATE_CHANGED (<enum GST_STATE_PAUSED of type GstState> -> <enum GST_STATE_PLAYING of type GstState>)
2016-05-24 12:03:14,856 - DEBUG - playing
2016-05-24 12:03:14,857 - DEBUG - Received MESSAGE_STATE_CHANGED (<enum GST_STATE_PAUSED of type GstState> -> <enum GST_STATE_PLAYING of type GstState>)
2016-05-24 12:03:14,857 - DEBUG - playing
2016-05-24 12:03:14,858 - DEBUG - Received MESSAGE_STATE_CHANGED (<enum GST_STATE_PAUSED of type GstState> -> <enum GST_STATE_PLAYING of type GstState>)
2016-05-24 12:03:14,858 - DEBUG - playing
2016-05-24 12:03:14,859 - DEBUG - Received MESSAGE_STATE_CHANGED (<enum GST_STATE_PAUSED of type GstState> -> <enum GST_STATE_PLAYING of type GstState>)
2016-05-24 12:03:14,859 - DEBUG - playing
2016-05-24 12:03:14,860 - DEBUG - Received MESSAGE_STATE_CHANGED (<enum GST_STATE_PAUSED of type GstState> -> <enum GST_STATE_PLAYING of type GstState>)
2016-05-24 12:03:14,860 - DEBUG - playing
2016-05-24 12:03:14,861 - DEBUG - Received MESSAGE_STATE_CHANGED (<enum GST_STATE_PAUSED of type GstState> -> <enum GST_STATE_PLAYING of type GstState>)
2016-05-24 12:03:14,862 - DEBUG - playing
2016-05-24 12:03:14,863 - DEBUG - Received MESSAGE_STATE_CHANGED (<enum GST_STATE_PAUSED of type GstState> -> <enum GST_STATE_PLAYING of type GstState>)
2016-05-24 12:03:14,863 - DEBUG - playing
2016-05-24 12:03:14,864 - DEBUG - Received MESSAGE_STATE_CHANGED (<enum GST_STATE_PAUSED of type GstState> -> <enum GST_STATE_PLAYING of type GstState>)
2016-05-24 12:03:14,864 - DEBUG - playing
2016-05-24 12:03:14,865 - DEBUG - Received MESSAGE_STATE_CHANGED (<enum GST_STATE_PAUSED of type GstState> -> <enum GST_STATE_PLAYING of type GstState>)
2016-05-24 12:03:14,865 - DEBUG - playing
2016-05-24 12:03:14,866 - DEBUG - Received MESSAGE_STATE_CHANGED (<enum GST_STATE_PAUSED of type GstState> -> <enum GST_STATE_PLAYING of type GstState>)
2016-05-24 12:03:14,866 - DEBUG - playing
2016-05-24 12:03:14,867 - DEBUG - Received MESSAGE_STATE_CHANGED (<enum GST_STATE_PAUSED of type GstState> -> <enum GST_STATE_PLAYING of type GstState>)
2016-05-24 12:03:14,867 - DEBUG - playing
2016-05-24 12:03:14,868 - DEBUG - Received MESSAGE_STATE_CHANGED (<enum GST_STATE_PAUSED of type GstState> -> <enum GST_STATE_PLAYING of type GstState>)
2016-05-24 12:03:14,868 - DEBUG - playing
2016-05-24 12:03:14,869 - DEBUG - Received MESSAGE_STATE_CHANGED (<enum GST_STATE_PAUSED of type GstState> -> <enum GST_STATE_PLAYING of type GstState>)
2016-05-24 12:03:14,869 - DEBUG - playing
2016-05-24 12:03:14,871 - DEBUG - Received MESSAGE_STATE_CHANGED (<enum GST_STATE_PAUSED of type GstState> -> <enum GST_STATE_PLAYING of type GstState>)
2016-05-24 12:03:14,871 - DEBUG - playing
2016-05-24 12:03:14,872 - DEBUG - Received MESSAGE_STATE_CHANGED (<enum GST_STATE_PAUSED of type GstState> -> <enum GST_STATE_PLAYING of type GstState>)
2016-05-24 12:03:14,872 - DEBUG - playing
2016-05-24 12:03:14,873 - DEBUG - Received MESSAGE_STATE_CHANGED (<enum GST_STATE_PAUSED of type GstState> -> <enum GST_STATE_PLAYING of type GstState>)
2016-05-24 12:03:14,873 - DEBUG - playing
2016-05-24 12:03:14,874 - DEBUG - Received MESSAGE_STATE_CHANGED (<enum GST_STATE_PAUSED of type GstState> -> <enum GST_STATE_PLAYING of type GstState>)
2016-05-24 12:03:14,875 - DEBUG - playing
2016-05-24 12:03:14,875 - DEBUG - Received MESSAGE_STATE_CHANGED (<enum GST_STATE_PAUSED of type GstState> -> <enum GST_STATE_PLAYING of type GstState>)
2016-05-24 12:03:14,875 - DEBUG - playing
2016-05-24 12:05:42,315 - DEBUG - Buffering 5
2016-05-24 12:05:42,317 - DEBUG - Buffering 6
2016-05-24 12:05:42,317 - DEBUG - Buffering 7
2016-05-24 12:05:42,318 - DEBUG - Buffering 8
2016-05-24 12:05:42,318 - DEBUG - Buffering 9
2016-05-24 12:05:42,319 - DEBUG - Received MESSAGE_STATE_CHANGED (<enum GST_STATE_PLAYING of type GstState> -> <enum GST_STATE_PAUSED of type GstState>)
2016-05-24 12:05:42,319 - INFO - Received PAUSE state.
2016-05-24 12:05:42,319 - DEBUG - paused
2016-05-24 12:05:42,321 - DEBUG - Received MESSAGE_STATE_CHANGED (<enum GST_STATE_PLAYING of type GstState> -> <enum GST_STATE_PAUSED of type GstState>)
2016-05-24 12:05:42,321 - INFO - Received PAUSE state.
2016-05-24 12:05:42,321 - DEBUG - Received MESSAGE_STATE_CHANGED (<enum GST_STATE_PLAYING of type GstState> -> <enum GST_STATE_PAUSED of type GstState>)
2016-05-24 12:05:42,321 - INFO - Received PAUSE state.
2016-05-24 12:05:42,322 - DEBUG - Buffering 10
2016-05-24 12:05:42,322 - DEBUG - Received MESSAGE_STATE_CHANGED (<enum GST_STATE_PLAYING of type GstState> -> <enum GST_STATE_PAUSED of type GstState>)
2016-05-24 12:05:42,322 - INFO - Received PAUSE state.
2016-05-24 12:05:42,323 - DEBUG - Received MESSAGE_STATE_CHANGED (<enum GST_STATE_PLAYING of type GstState> -> <enum GST_STATE_PAUSED of type GstState>)
2016-05-24 12:05:42,323 - INFO - Received PAUSE state.
2016-05-24 12:05:42,323 - DEBUG - Received MESSAGE_STATE_CHANGED (<enum GST_STATE_PLAYING of type GstState> -> <enum GST_STATE_PAUSED of type GstState>)
2016-05-24 12:05:42,324 - INFO - Received PAUSE state.
2016-05-24 12:05:42,324 - DEBUG - Received MESSAGE_STATE_CHANGED (<enum GST_STATE_PLAYING of type GstState> -> <enum GST_STATE_PAUSED of type GstState>)
2016-05-24 12:05:42,324 - INFO - Received PAUSE state.
2016-05-24 12:05:42,325 - DEBUG - Received MESSAGE_STATE_CHANGED (<enum GST_STATE_PLAYING of type GstState> -> <enum GST_STATE_PAUSED of type GstState>)
2016-05-24 12:05:42,325 - INFO - Received PAUSE state.
2016-05-24 12:05:42,325 - DEBUG - Received MESSAGE_STATE_CHANGED (<enum GST_STATE_PLAYING of type GstState> -> <enum GST_STATE_PAUSED of type GstState>)
2016-05-24 12:05:42,325 - INFO - Received PAUSE state.
2016-05-24 12:05:42,326 - DEBUG - Received MESSAGE_STATE_CHANGED (<enum GST_STATE_PLAYING of type GstState> -> <enum GST_STATE_PAUSED of type GstState>)
2016-05-24 12:05:42,326 - INFO - Received PAUSE state.
2016-05-24 12:05:42,326 - DEBUG - Received MESSAGE_STATE_CHANGED (<enum GST_STATE_PLAYING of type GstState> -> <enum GST_STATE_PAUSED of type GstState>)
2016-05-24 12:05:42,326 - INFO - Received PAUSE state.
2016-05-24 12:05:42,326 - DEBUG - Received MESSAGE_STATE_CHANGED (<enum GST_STATE_PLAYING of type GstState> -> <enum GST_STATE_PAUSED of type GstState>)
2016-05-24 12:05:42,327 - INFO - Received PAUSE state.
2016-05-24 12:05:42,327 - DEBUG - Received MESSAGE_STATE_CHANGED (<enum GST_STATE_PLAYING of type GstState> -> <enum GST_STATE_PAUSED of type GstState>)
2016-05-24 12:05:42,327 - INFO - Received PAUSE state.
2016-05-24 12:05:42,327 - DEBUG - Received MESSAGE_STATE_CHANGED (<enum GST_STATE_PLAYING of type GstState> -> <enum GST_STATE_PAUSED of type GstState>)
2016-05-24 12:05:42,327 - INFO - Received PAUSE state.
2016-05-24 12:05:42,327 - DEBUG - Received MESSAGE_STATE_CHANGED (<enum GST_STATE_PLAYING of type GstState> -> <enum GST_STATE_PAUSED of type GstState>)
2016-05-24 12:05:42,327 - INFO - Received PAUSE state.
2016-05-24 12:05:42,328 - DEBUG - Received MESSAGE_STATE_CHANGED (<enum GST_STATE_PLAYING of type GstState> -> <enum GST_STATE_PAUSED of type GstState>)
2016-05-24 12:05:42,328 - INFO - Received PAUSE state.
2016-05-24 12:05:42,328 - DEBUG - Received MESSAGE_STATE_CHANGED (<enum GST_STATE_PLAYING of type GstState> -> <enum GST_STATE_PAUSED of type GstState>)
2016-05-24 12:05:42,328 - INFO - Received PAUSE state.
2016-05-24 12:05:42,328 - DEBUG - Received MESSAGE_STATE_CHANGED (<enum GST_STATE_PLAYING of type GstState> -> <enum GST_STATE_PAUSED of type GstState>)
2016-05-24 12:05:42,328 - INFO - Received PAUSE state.
2016-05-24 12:05:42,328 - DEBUG - Received MESSAGE_STATE_CHANGED (<enum GST_STATE_PLAYING of type GstState> -> <enum GST_STATE_PAUSED of type GstState>)
2016-05-24 12:05:42,328 - INFO - Received PAUSE state.
2016-05-24 12:05:42,329 - DEBUG - Received MESSAGE_STATE_CHANGED (<enum GST_STATE_PLAYING of type GstState> -> <enum GST_STATE_PAUSED of type GstState>)
2016-05-24 12:05:42,329 - INFO - Received PAUSE state.
2016-05-24 12:05:42,329 - DEBUG - Received MESSAGE_STATE_CHANGED (<enum GST_STATE_PLAYING of type GstState> -> <enum GST_STATE_PAUSED of type GstState>)
2016-05-24 12:05:42,329 - INFO - Received PAUSE state.
2016-05-24 12:05:42,329 - DEBUG - Received MESSAGE_STATE_CHANGED (<enum GST_STATE_PLAYING of type GstState> -> <enum GST_STATE_PAUSED of type GstState>)
2016-05-24 12:05:42,329 - INFO - Received PAUSE state.
2016-05-24 12:05:42,329 - DEBUG - Buffering 11
2016-05-24 12:05:42,329 - DEBUG - Buffering 12
2016-05-24 12:05:42,330 - DEBUG - Buffering 13
2016-05-24 12:05:42,558 - DEBUG - Buffering 14
2016-05-24 12:05:42,799 - DEBUG - Buffering 15
2016-05-24 12:05:43,154 - DEBUG - Buffering 17
2016-05-24 12:05:43,206 - DEBUG - Buffering 18
2016-05-24 12:05:43,417 - DEBUG - Buffering 19
2016-05-24 12:05:43,722 - DEBUG - Buffering 21
2016-05-24 12:05:43,946 - DEBUG - Buffering 23
2016-05-24 12:05:44,162 - DEBUG - Buffering 25
2016-05-24 12:05:44,373 - DEBUG - Buffering 26
2016-05-24 12:05:44,482 - DEBUG - Buffering 27
2016-05-24 12:05:44,694 - DEBUG - Buffering 29
2016-05-24 12:05:44,817 - DEBUG - Buffering 30
2016-05-24 12:05:44,904 - DEBUG - Buffering 31
2016-05-24 12:05:44,961 - DEBUG - Buffering 32
2016-05-24 12:05:45,174 - DEBUG - Buffering 34
2016-05-24 12:05:45,225 - DEBUG - Buffering 35
2016-05-24 12:05:45,381 - DEBUG - Buffering 37
2016-05-24 12:05:45,661 - DEBUG - Buffering 40
2016-05-24 12:05:45,814 - DEBUG - Buffering 41
2016-05-24 12:05:45,918 - DEBUG - Buffering 44
2016-05-24 12:05:46,237 - DEBUG - Buffering 48
2016-05-24 12:05:46,240 - DEBUG - Buffering 49
2016-05-24 12:05:46,505 - DEBUG - Buffering 53
2016-05-24 12:05:46,766 - DEBUG - Buffering 57
2016-05-24 12:05:46,821 - DEBUG - Buffering 58
2016-05-24 12:05:47,025 - DEBUG - Buffering 62
2016-05-24 12:05:47,086 - DEBUG - Buffering 63
2016-05-24 12:05:47,301 - DEBUG - Buffering 68
2016-05-24 12:05:47,406 - DEBUG - Buffering 69
2016-05-24 12:05:47,517 - DEBUG - Buffering 73
2016-05-24 12:05:47,781 - DEBUG - Buffering 79
2016-05-24 12:05:47,941 - DEBUG - Buffering 80
2016-05-24 12:05:48,001 - DEBUG - Buffering 85
2016-05-24 12:05:48,282 - DEBUG - Buffering 92
2016-05-24 12:05:48,317 - DEBUG - Buffering 93
2016-05-24 12:05:48,526 - DEBUG - Received MESSAGE_STATE_CHANGED (<enum GST_STATE_PAUSED of type GstState> -> <enum GST_STATE_PLAYING of type GstState>)
2016-05-24 12:05:48,527 - DEBUG - playing
2016-05-24 12:05:48,528 - DEBUG - Received MESSAGE_STATE_CHANGED (<enum GST_STATE_PAUSED of type GstState> -> <enum GST_STATE_PLAYING of type GstState>)
2016-05-24 12:05:48,529 - DEBUG - playing
2016-05-24 12:05:48,530 - DEBUG - Received MESSAGE_STATE_CHANGED (<enum GST_STATE_PAUSED of type GstState> -> <enum GST_STATE_PLAYING of type GstState>)
2016-05-24 12:05:48,530 - DEBUG - playing
2016-05-24 12:05:48,531 - DEBUG - Received MESSAGE_STATE_CHANGED (<enum GST_STATE_PAUSED of type GstState> -> <enum GST_STATE_PLAYING of type GstState>)
2016-05-24 12:05:48,532 - DEBUG - playing
2016-05-24 12:05:48,533 - DEBUG - Received MESSAGE_STATE_CHANGED (<enum GST_STATE_PAUSED of type GstState> -> <enum GST_STATE_PLAYING of type GstState>)
2016-05-24 12:05:48,533 - DEBUG - playing
2016-05-24 12:05:48,535 - DEBUG - Received MESSAGE_STATE_CHANGED (<enum GST_STATE_PAUSED of type GstState> -> <enum GST_STATE_PLAYING of type GstState>)
2016-05-24 12:05:48,535 - DEBUG - playing
2016-05-24 12:05:48,536 - DEBUG - Received MESSAGE_STATE_CHANGED (<enum GST_STATE_PAUSED of type GstState> -> <enum GST_STATE_PLAYING of type GstState>)
2016-05-24 12:05:48,536 - DEBUG - playing
2016-05-24 12:05:48,537 - DEBUG - Received MESSAGE_STATE_CHANGED (<enum GST_STATE_PAUSED of type GstState> -> <enum GST_STATE_PLAYING of type GstState>)
2016-05-24 12:05:48,538 - DEBUG - playing
2016-05-24 12:05:48,539 - DEBUG - Received MESSAGE_STATE_CHANGED (<enum GST_STATE_PAUSED of type GstState> -> <enum GST_STATE_PLAYING of type GstState>)
2016-05-24 12:05:48,539 - DEBUG - playing
2016-05-24 12:05:48,539 - DEBUG - Received MESSAGE_STATE_CHANGED (<enum GST_STATE_PAUSED of type GstState> -> <enum GST_STATE_PLAYING of type GstState>)
2016-05-24 12:05:48,540 - DEBUG - playing
2016-05-24 12:05:48,541 - DEBUG - Received MESSAGE_STATE_CHANGED (<enum GST_STATE_PAUSED of type GstState> -> <enum GST_STATE_PLAYING of type GstState>)
2016-05-24 12:05:48,541 - DEBUG - playing
2016-05-24 12:05:48,542 - DEBUG - Received MESSAGE_STATE_CHANGED (<enum GST_STATE_PAUSED of type GstState> -> <enum GST_STATE_PLAYING of type GstState>)
2016-05-24 12:05:48,542 - DEBUG - playing
2016-05-24 12:05:48,543 - DEBUG - Received MESSAGE_STATE_CHANGED (<enum GST_STATE_PAUSED of type GstState> -> <enum GST_STATE_PLAYING of type GstState>)
2016-05-24 12:05:48,544 - DEBUG - playing
2016-05-24 12:05:48,544 - DEBUG - Received MESSAGE_STATE_CHANGED (<enum GST_STATE_PAUSED of type GstState> -> <enum GST_STATE_PLAYING of type GstState>)
2016-05-24 12:05:48,545 - DEBUG - playing
2016-05-24 12:05:48,546 - DEBUG - Received MESSAGE_STATE_CHANGED (<enum GST_STATE_PAUSED of type GstState> -> <enum GST_STATE_PLAYING of type GstState>)
2016-05-24 12:05:48,546 - DEBUG - playing
2016-05-24 12:05:48,547 - DEBUG - Received MESSAGE_STATE_CHANGED (<enum GST_STATE_PAUSED of type GstState> -> <enum GST_STATE_PLAYING of type GstState>)
2016-05-24 12:05:48,547 - DEBUG - playing
2016-05-24 12:05:48,548 - DEBUG - Received MESSAGE_STATE_CHANGED (<enum GST_STATE_PAUSED of type GstState> -> <enum GST_STATE_PLAYING of type GstState>)
2016-05-24 12:05:48,548 - DEBUG - playing
2016-05-24 12:05:48,549 - DEBUG - Received MESSAGE_STATE_CHANGED (<enum GST_STATE_PAUSED of type GstState> -> <enum GST_STATE_PLAYING of type GstState>)
2016-05-24 12:05:48,550 - DEBUG - playing
2016-05-24 12:05:48,551 - DEBUG - Received MESSAGE_STATE_CHANGED (<enum GST_STATE_PAUSED of type GstState> -> <enum GST_STATE_PLAYING of type GstState>)
2016-05-24 12:05:48,551 - DEBUG - playing
2016-05-24 12:05:48,552 - DEBUG - Received MESSAGE_STATE_CHANGED (<enum GST_STATE_PAUSED of type GstState> -> <enum GST_STATE_PLAYING of type GstState>)
2016-05-24 12:05:48,552 - DEBUG - playing
2016-05-24 12:05:48,552 - DEBUG - Received MESSAGE_STATE_CHANGED (<enum GST_STATE_PAUSED of type GstState> -> <enum GST_STATE_PLAYING of type GstState>)
2016-05-24 12:05:48,553 - DEBUG - playing
2016-05-24 12:05:48,553 - DEBUG - Received MESSAGE_STATE_CHANGED (<enum GST_STATE_PAUSED of type GstState> -> <enum GST_STATE_PLAYING of type GstState>)
2016-05-24 12:05:48,553 - DEBUG - playing
2016-05-24 12:06:02,319 - DEBUG - Checking timeout...
2016-05-24 12:06:02,320 - INFO - Timed out, but not retrying anymore
2016-05-24 12:06:30,301 - DEBUG - {'station': 'Smooth Jazz', 'homepage': u'http://www.smoothjazz.com', 'title': u'Philippe Saisse Trio - Hotpick - And So But Then'}
2016-05-24 12:06:38,494 - DEBUG - {'station': 'Smooth Jazz', 'homepage': u'http://www.smoothjazz.com', 'title': u'Philippe Saisse Trio - And So But Then - And So But Then'}
2016-05-24 12:10:31,944 - DEBUG - {'station': 'Smooth Jazz', 'homepage': u'http://www.smoothjazz.com', 'title': u'Angie Stone - Magnet - Dream'}
2016-05-24 12:14:34,130 - DEBUG - {'station': 'Smooth Jazz', 'homepage': u'http://www.smoothjazz.com', 'title': u'BWB - BWB - BWB'}
2016-05-24 12:19:30,074 - DEBUG - {'station': 'Smooth Jazz', 'homepage': u'http://www.smoothjazz.com', 'title': u'Mark Etheredge - Hot Pick - Connected'}
2016-05-24 12:19:38,274 - DEBUG - {'station': 'Smooth Jazz', 'homepage': u'http://www.smoothjazz.com', 'title': u'Mark Etheredge - Connected - Feat Paul Brown - Connected'}
2016-05-24 12:23:21,490 - DEBUG - {'station': 'Smooth Jazz', 'homepage': u'http://www.smoothjazz.com', 'title': u"LP - WORLD 1 - dry - If 60's Were 90's"}
2016-05-24 12:23:27,141 - DEBUG - {'station': 'Smooth Jazz', 'homepage': u'http://www.smoothjazz.com', 'title': u'Protur Hotels - Protur Hotels - Sa Coma, Mallorca, Spain'}
2016-05-24 12:24:29,076 - DEBUG - {'station': 'Smooth Jazz', 'homepage': u'http://www.smoothjazz.com', 'title': u'Adam Hawley - NEW RELEASE - Just The Beginning'}
2016-05-24 12:25:04,900 - DEBUG - {'station': 'Smooth Jazz', 'homepage': u'http://www.smoothjazz.com', 'title': u'Algarve Smooth Jazz Festival - Sep 29 - Oct 2, 2016 - The 5-Star Vila Vita Parc Hotel, Arma\xe7\xe3o de P\xeara, Portugal'}
2016-05-24 12:26:07,384 - DEBUG - {'station': 'Smooth Jazz', 'homepage': u'http://www.smoothjazz.com', 'title': u'Mitchell Coleman Jr - NEW RELEASE - Perception'}
2016-05-24 12:27:05,743 - DEBUG - {'station': 'Smooth Jazz', 'homepage': u'http://www.smoothjazz.com', 'title': u'JF - BE THERE BOSSA - long - JinglesFactory Radio Imaging'}
2016-05-24 12:27:30,328 - DEBUG - {'station': 'Smooth Jazz', 'homepage': u'http://www.smoothjazz.com', 'title': u'Cal Harris Jr. - Airborne - Airborne'}
2016-05-24 12:31:26,340 - DEBUG - {'station': 'Smooth Jazz', 'homepage': u'http://www.smoothjazz.com', 'title': u'Javier Colon - Gravity - Gravity'}
2016-05-24 12:35:15,719 - DEBUG - {'station': 'Smooth Jazz', 'homepage': u'http://www.smoothjazz.com', 'title': u'David Petrosyan - Midnight Groove - Endless Love'}
2016-05-24 12:39:44,519 - DEBUG - {'station': 'Smooth Jazz', 'homepage': u'http://www.smoothjazz.com', 'title': u'LP - GLOBAL BROADCAST - dry out - Rendezvous in Rio'}
2016-05-24 12:39:49,144 - DEBUG - {'station': 'Smooth Jazz', 'homepage': u'http://www.smoothjazz.com', 'title': u'Donald Hayes - NEW RELEASE - Front Ground'}
2016-05-24 12:40:33,167 - DEBUG - {'station': 'Smooth Jazz', 'homepage': u'http://www.smoothjazz.com', 'title': u'Gary Palmer - NEW RELEASE - Coast 2 Coast'}
2016-05-24 12:41:29,997 - DEBUG - {'station': 'Smooth Jazz', 'homepage': u'http://www.smoothjazz.com', 'title': u"Vann Burchfield - NEW RELEASE - Let's Get Started"}
2016-05-24 12:42:27,868 - DEBUG - {'station': 'Smooth Jazz', 'homepage': u'http://www.smoothjazz.com', 'title': u"Paolo Rustichelli - NEW RELEASE - Don't Stop"}
2016-05-24 12:43:29,797 - DEBUG - {'station': 'Smooth Jazz', 'homepage': u'http://www.smoothjazz.com', 'title': u'Jarez - Hot Pick - In Too Deep'}
2016-05-24 12:43:37,469 - DEBUG - {'station': 'Smooth Jazz', 'homepage': u'http://www.smoothjazz.com', 'title': u'Jarez - Sounds Good To Me - In Too Deep'}
2016-05-24 12:47:20,194 - DEBUG - {'station': 'Smooth Jazz', 'homepage': u'http://www.smoothjazz.com', 'title': u'Steve Oliver - Global Kiss - Global Kiss'}
2016-05-24 12:51:28,506 - DEBUG - {'station': 'Smooth Jazz', 'homepage': u'http://www.smoothjazz.com', 'title': u' - KJAZ DB 2 -'}
2016-05-24 12:51:36,186 - DEBUG - {'station': 'Smooth Jazz', 'homepage': u'http://www.smoothjazz.com', 'title': u'Rick Braun - Silk (Edit) - Can You Feel It'}
2016-05-24 12:55:34,273 - DEBUG - {'station': 'Smooth Jazz', 'homepage': u'http://www.smoothjazz.com', 'title': u'Brian Simpson - When I Say Your Name - Out Of A Dream'}
2016-05-24 12:59:21,619 - DEBUG - {'station': 'Smooth Jazz', 'homepage': u'http://www.smoothjazz.com', 'title': u'Gravity 180 - I Can Dream - Gravity 180'}
2016-05-24 13:03:24,805 - DEBUG - {'station': 'Smooth Jazz', 'homepage': u'http://www.smoothjazz.com', 'title': u'JF - SWEET EMBRACE voc song - medup - JinglesFactory Radio Imaging'}
2016-05-24 13:03:46,306 - DEBUG - {'station': 'Smooth Jazz', 'homepage': u'http://www.smoothjazz.com', 'title': u'Roman Street - Cortado - Cortado'}
2016-05-24 13:07:28,499 - DEBUG - {'station': 'Smooth Jazz', 'homepage': u'http://www.smoothjazz.com', 'title': u'Patrick Bradley - Blue Skies - Can You Hear Me'}
2016-05-24 13:11:24,545 - DEBUG - {'station': 'Smooth Jazz', 'homepage': u'http://www.smoothjazz.com', 'title': u'Will sumner - Liner 1 - Endless Sumner'}
2016-05-24 13:11:30,693 - DEBUG - {'station': 'Smooth Jazz', 'homepage': u'http://www.smoothjazz.com', 'title': u'Will sumner - Suddenly - Endless Sumner'}
2016-05-24 13:16:07,692 - DEBUG - {'station': 'Smooth Jazz', 'homepage': u'http://www.smoothjazz.com', 'title': u'Gary B - A Better Life - Live It Now'}
2016-05-24 13:21:09,239 - DEBUG - {'station': 'Smooth Jazz', 'homepage': u'http://www.smoothjazz.com', 'title': u'JF - Jazz on the Half-shell - Smooth Jazz Straight Up - bossa - JinglesFactory Radio Imaging'}
2016-05-24 13:21:36,383 - DEBUG - {'station': 'Smooth Jazz', 'homepage': u'http://www.smoothjazz.com', 'title': u"Randy Klein - I've Got An Itch (w. Oleg Kireyev) - Sunday Morning"}
2016-05-24 13:24:59,641 - DEBUG - {'station': 'Smooth Jazz', 'homepage': u'http://www.smoothjazz.com', 'title': u'LP - LIVE MTRY BAY - dry -'}
2016-05-24 13:25:07,311 - DEBUG - {'station': 'Smooth Jazz', 'homepage': u'http://www.smoothjazz.com', 'title': u'Brian Simpson - NEW RELEASE - Out Of A Dream'}
2016-05-24 13:26:03,641 - DEBUG - {'station': 'Smooth Jazz', 'homepage': u'http://www.smoothjazz.com', 'title': u'Mark Etheridge - NEW RELEASE - Connected'}
2016-05-24 13:27:00,986 - DEBUG - {'station': 'Smooth Jazz', 'homepage': u'http://www.smoothjazz.com', 'title': u'Phil French Feat. Terrence Richburg - NEW RELEASE - Everlasting'}
2016-05-24 13:28:01,398 - DEBUG - {'station': 'Smooth Jazz', 'homepage': u'http://www.smoothjazz.com', 'title': u"Drivetime - NEW RELEASE - California Dreamin'"}
2016-05-24 13:29:01,823 - DEBUG - {'station': 'Smooth Jazz', 'homepage': u'http://www.smoothjazz.com', 'title': u'Newport Beach Jazz Festival - Newport Beach, CA - June 3 - 5, 2016'}
2016-05-24 13:30:02,743 - DEBUG - {'station': 'Smooth Jazz', 'homepage': u'http://www.smoothjazz.com', 'title': u"MM - MELANCHOLIA short - medslo - Stayin' Cool"}
2016-05-24 13:30:11,428 - DEBUG - {'station': 'Smooth Jazz', 'homepage': u'http://www.smoothjazz.com', 'title': u'Phil French Feat. Terrence Richburg - Twilight - Everlasting'}
2016-05-24 13:32:41,977 - DEBUG - Loading configuration...
2016-05-24 13:32:41,977 - INFO - Starting Radio Tray...
2016-05-24 13:32:41,977 - INFO - Loading bookmarks file: /home/nikke/.local/share/radiotray/bookmarks.xml
2016-05-24 13:32:41,978 - DEBUG - Bookmarks file loaded with success
2016-05-24 13:32:41,979 - DEBUG - PLS playlist decoder
2016-05-24 13:32:41,979 - DEBUG - M3U playlist decoder
2016-05-24 13:32:41,979 - DEBUG - ASX-familiy playlist decoder
2016-05-24 13:32:41,979 - DEBUG - XSPF playlist decoder
2016-05-24 13:32:41,979 - DEBUG - Initializing ASF playlist decoder
2016-05-24 13:32:41,979 - DEBUG - RAM playlist decoder
2016-05-24 13:32:41,979 - INFO - Using url timeout = 100
2016-05-24 13:32:41,984 - DEBUG - App Indicator selected
2016-05-24 13:32:41,993 - INFO - finding plugins in user plugin path
2016-05-24 13:32:41,993 - INFO - finding plugins in system plugin path
2016-05-24 13:32:41,993 - DEBUG - /usr/share/radiotray/plugins/history.plugin
2016-05-24 13:32:41,993 - DEBUG - /usr/share/radiotray/plugins/matemediakeys.plugin
2016-05-24 13:32:41,994 - DEBUG - /usr/share/radiotray/plugins/sleeptimer.plugin
2016-05-24 13:32:41,994 - DEBUG - /usr/share/radiotray/plugins/notification.plugin
2016-05-24 13:32:41,994 - DEBUG - /usr/share/radiotray/plugins/gnomemediakeys.plugin
2016-05-24 13:32:41,994 - DEBUG - /usr/share/radiotray/plugins/helloworld.plugin
2016-05-24 13:33:33,752 - DEBUG - Request to play
2016-05-24 13:33:33,753 - DEBUG - connecting
2016-05-24 13:33:33,754 - INFO - Not an HTTP url. Maybe direct stream...
2016-05-24 13:33:33,754 - INFO - Play "mmsh://wms-rly.181.fm/181-breeze?MSWMExt=.asf"
2016-05-24 13:33:33,755 - INFO - Not an HTTP url. Maybe direct stream...
2016-05-24 13:35:32,153 - DEBUG - Loading configuration...
2016-05-24 13:35:32,153 - INFO - Starting Radio Tray...
2016-05-24 13:35:32,154 - INFO - Loading bookmarks file: /home/nikke/.local/share/radiotray/bookmarks.xml
2016-05-24 13:35:32,154 - DEBUG - Bookmarks file loaded with success
2016-05-24 13:35:32,154 - DEBUG - PLS playlist decoder
2016-05-24 13:35:32,155 - DEBUG - M3U playlist decoder
2016-05-24 13:35:32,155 - DEBUG - ASX-familiy playlist decoder
2016-05-24 13:35:32,155 - DEBUG - XSPF playlist decoder
2016-05-24 13:35:32,155 - DEBUG - Initializing ASF playlist decoder
2016-05-24 13:35:32,155 - DEBUG - RAM playlist decoder
2016-05-24 13:35:32,155 - INFO - Using url timeout = 100
2016-05-24 13:35:32,159 - DEBUG - App Indicator selected
2016-05-24 13:35:32,167 - INFO - finding plugins in user plugin path
2016-05-24 13:35:32,167 - INFO - finding plugins in system plugin path
2016-05-24 13:35:32,167 - DEBUG - /usr/share/radiotray/plugins/history.plugin
2016-05-24 13:35:32,167 - DEBUG - /usr/share/radiotray/plugins/matemediakeys.plugin
2016-05-24 13:35:32,167 - DEBUG - /usr/share/radiotray/plugins/sleeptimer.plugin
2016-05-24 13:35:32,167 - DEBUG - /usr/share/radiotray/plugins/notification.plugin
2016-05-24 13:35:32,167 - DEBUG - /usr/share/radiotray/plugins/gnomemediakeys.plugin
2016-05-24 13:35:32,168 - DEBUG - /usr/share/radiotray/plugins/helloworld.plugin
2016-05-24 13:35:41,070 - DEBUG - Received MESSAGE_STATE_CHANGED (<enum GST_STATE_NULL of type GstState> -> <enum GST_STATE_READY of type GstState>)
2016-05-24 13:35:41,073 - DEBUG - Received MESSAGE_STATE_CHANGED (<enum GST_STATE_NULL of type GstState> -> <enum GST_STATE_READY of type GstState>)
2016-05-24 13:35:41,073 - DEBUG - Request to play
2016-05-24 13:35:41,074 - DEBUG - connecting
2016-05-24 13:35:41,074 - INFO - Requesting stream... http://bluefm.net/listen.pls
2016-05-24 13:37:21,144 - INFO - No radio stream found for http://bluefm.net/listen.pls
2016-05-24 13:37:21,144 - DEBUG - paused
2016-05-24 13:37:39,656 - DEBUG - Loading configuration...
2016-05-24 13:37:39,656 - INFO - Starting Radio Tray...
2016-05-24 13:37:39,657 - INFO - Loading bookmarks file: /home/nikke/.local/share/radiotray/bookmarks.xml
2016-05-24 13:37:39,657 - DEBUG - Bookmarks file loaded with success
2016-05-24 13:37:39,657 - DEBUG - PLS playlist decoder
2016-05-24 13:37:39,657 - DEBUG - M3U playlist decoder
2016-05-24 13:37:39,657 - DEBUG - ASX-familiy playlist decoder
2016-05-24 13:37:39,657 - DEBUG - XSPF playlist decoder
2016-05-24 13:37:39,657 - DEBUG - Initializing ASF playlist decoder
2016-05-24 13:37:39,657 - DEBUG - RAM playlist decoder
2016-05-24 13:37:39,658 - INFO - Using url timeout = 100
2016-05-24 13:37:39,661 - DEBUG - App Indicator selected
2016-05-24 13:37:39,670 - INFO - finding plugins in user plugin path
2016-05-24 13:37:39,670 - INFO - finding plugins in system plugin path
2016-05-24 13:37:39,670 - DEBUG - /usr/share/radiotray/plugins/history.plugin
2016-05-24 13:37:39,670 - DEBUG - /usr/share/radiotray/plugins/matemediakeys.plugin
2016-05-24 13:37:39,670 - DEBUG - /usr/share/radiotray/plugins/sleeptimer.plugin
2016-05-24 13:37:39,671 - DEBUG - /usr/share/radiotray/plugins/notification.plugin
2016-05-24 13:37:39,671 - DEBUG - /usr/share/radiotray/plugins/gnomemediakeys.plugin
2016-05-24 13:37:39,671 - DEBUG - /usr/share/radiotray/plugins/helloworld.plugin
2016-05-24 13:38:16,307 - DEBUG - Loading configuration...
2016-05-24 13:38:16,307 - INFO - Starting Radio Tray...
2016-05-24 13:38:16,307 - INFO - Loading bookmarks file: /home/nikke/.local/share/radiotray/bookmarks.xml
2016-05-24 13:38:16,307 - DEBUG - Bookmarks file loaded with success
2016-05-24 13:38:16,308 - DEBUG - PLS playlist decoder
2016-05-24 13:38:16,308 - DEBUG - M3U playlist decoder
2016-05-24 13:38:16,308 - DEBUG - ASX-familiy playlist decoder
2016-05-24 13:38:16,308 - DEBUG - XSPF playlist decoder
2016-05-24 13:38:16,308 - DEBUG - Initializing ASF playlist decoder
2016-05-24 13:38:16,308 - DEBUG - RAM playlist decoder
2016-05-24 13:38:16,308 - INFO - Using url timeout = 100
2016-05-24 13:38:16,311 - DEBUG - App Indicator selected
2016-05-24 13:38:16,319 - INFO - finding plugins in user plugin path
2016-05-24 13:38:16,319 - INFO - finding plugins in system plugin path
2016-05-24 13:38:16,319 - DEBUG - /usr/share/radiotray/plugins/history.plugin
2016-05-24 13:38:16,319 - DEBUG - /usr/share/radiotray/plugins/matemediakeys.plugin
2016-05-24 13:38:16,319 - DEBUG - /usr/share/radiotray/plugins/sleeptimer.plugin
2016-05-24 13:38:16,319 - DEBUG - /usr/share/radiotray/plugins/notification.plugin
2016-05-24 13:38:16,319 - DEBUG - /usr/share/radiotray/plugins/gnomemediakeys.plugin
2016-05-24 13:38:16,320 - DEBUG - /usr/share/radiotray/plugins/helloworld.plugin
